c:\users\mara\source\repos\freelancer-sirius-revival\flsr-hook\2.0\int\flsr plugin\debug\vc142.pdb
c:\users\mara\source\repos\freelancer-sirius-revival\flsr-hook\2.0\int\flsr plugin\debug\tools.obj
c:\users\mara\source\repos\freelancer-sirius-revival\flsr-hook\2.0\int\flsr plugin\debug\timers.obj
c:\users\mara\source\repos\freelancer-sirius-revival\flsr-hook\2.0\int\flsr plugin\debug\sendcash.obj
c:\users\mara\source\repos\freelancer-sirius-revival\flsr-hook\2.0\int\flsr plugin\debug\solar.obj
c:\users\mara\source\repos\freelancer-sirius-revival\flsr-hook\2.0\int\flsr plugin\debug\insurance.obj
c:\users\mara\source\repos\freelancer-sirius-revival\flsr-hook\2.0\int\flsr plugin\debug\clientcontroller.obj
c:\users\mara\source\repos\freelancer-sirius-revival\flsr-hook\2.0\int\flsr plugin\debug\popup.obj
c:\users\mara\source\repos\freelancer-sirius-revival\flsr-hook\2.0\int\flsr plugin\debug\main.obj
c:\users\mara\source\repos\freelancer-sirius-revival\flsr-hook\2.0\int\flsr plugin\debug\hooks.obj
c:\users\mara\source\repos\freelancer-sirius-revival\flsr-hook\2.0\int\flsr plugin\debug\docking.obj
c:\users\mara\source\repos\freelancer-sirius-revival\flsr-hook\2.0\int\flsr plugin\debug\commands.obj
c:\users\mara\source\repos\freelancer-sirius-revival\flsr-hook\2.0\int\flsr plugin\debug\chat.obj
c:\users\mara\source\repos\freelancer-sirius-revival\flsr-hook\2.0\int\flsr plugin\debug\anticheat.obj
c:\users\mara\source\repos\freelancer-sirius-revival\flsr-hook\2.0\bin\debug\plugins\flsr plugin\flsr.lib
c:\users\mara\source\repos\freelancer-sirius-revival\flsr-hook\2.0\bin\debug\plugins\flsr plugin\flsr.exp
c:\users\mara\source\repos\freelancer-sirius-revival\flsr-hook\2.0\bin\debug\plugins\flsr plugin\flsr.dll
c:\users\mara\source\repos\freelancer-sirius-revival\flsr-hook\2.0\bin\debug\plugins\flsr plugin\flsr.ilk
c:\users\mara\source\repos\freelancer-sirius-revival\flsr-hook\2.0\bin\debug\plugins\flsr plugin\flsr.pdb
c:\users\mara\source\repos\freelancer-sirius-revival\flsr-hook\2.0\project\..\bin\debug\plugins\flsr plugin\flsr.pdb
c:\users\mara\source\repos\freelancer-sirius-revival\flsr-hook\2.0\project\..\bin\debug\plugins\flsr plugin\flsr.ilk
c:\users\mara\source\repos\freelancer-sirius-revival\flsr-hook\2.0\int\flsr plugin\debug\flsr plugin.tlog\cl.command.1.tlog
c:\users\mara\source\repos\freelancer-sirius-revival\flsr-hook\2.0\int\flsr plugin\debug\flsr plugin.tlog\cl.read.1.tlog
c:\users\mara\source\repos\freelancer-sirius-revival\flsr-hook\2.0\int\flsr plugin\debug\flsr plugin.tlog\cl.write.1.tlog
c:\users\mara\source\repos\freelancer-sirius-revival\flsr-hook\2.0\int\flsr plugin\debug\flsr plugin.tlog\flsr plugin.write.1u.tlog
c:\users\mara\source\repos\freelancer-sirius-revival\flsr-hook\2.0\int\flsr plugin\debug\flsr plugin.tlog\link.command.1.tlog
c:\users\mara\source\repos\freelancer-sirius-revival\flsr-hook\2.0\int\flsr plugin\debug\flsr plugin.tlog\link.read.1.tlog
c:\users\mara\source\repos\freelancer-sirius-revival\flsr-hook\2.0\int\flsr plugin\debug\flsr plugin.tlog\link.write.1.tlog
