c:\flhook-org\flhook\int\stats plugin\release\vc142.pdb
c:\flhook-org\flhook\int\stats plugin\release\main.obj
c:\users\mara\source\repos\freelancer-sirius-revival\flsr-hook\2.0\bin\release\plugins\stats plugin\stats.cfg
c:\flhook-org\flhook\bin\release\plugins\stats plugin\stats.ilk
c:\flhook-org\flhook\bin\release\plugins\stats plugin\stats.dll
c:\flhook-org\flhook\bin\release\plugins\stats plugin\stats.pdb
c:\flhook-org\flhook\bin\release\plugins\stats plugin\stats.lib
c:\flhook-org\flhook\bin\release\plugins\stats plugin\stats.exp
c:\users\mara\source\repos\freelancer-sirius-revival\flsr-hook\2.0\int\stats plugin\release\vc142.pdb
c:\users\mara\source\repos\freelancer-sirius-revival\flsr-hook\2.0\project\..\bin\release\plugins\stats plugin\stats.pdb
c:\users\mara\source\repos\freelancer-sirius-revival\flsr-hook\2.0\bin\release\plugins\stats plugin\stats.dll
c:\users\mara\source\repos\freelancer-sirius-revival\flsr-hook\2.0\project\..\bin\release\plugins\stats plugin\stats.ilk
c:\users\mara\source\repos\freelancer-sirius-revival\flsr-hook\2.0\int\stats plugin\release\stats plugin.tlog\cl.command.1.tlog
c:\users\mara\source\repos\freelancer-sirius-revival\flsr-hook\2.0\int\stats plugin\release\stats plugin.tlog\cl.read.1.tlog
c:\users\mara\source\repos\freelancer-sirius-revival\flsr-hook\2.0\int\stats plugin\release\stats plugin.tlog\cl.write.1.tlog
c:\users\mara\source\repos\freelancer-sirius-revival\flsr-hook\2.0\int\stats plugin\release\stats plugin.tlog\copyfile.command.1.tlog
c:\users\mara\source\repos\freelancer-sirius-revival\flsr-hook\2.0\int\stats plugin\release\stats plugin.tlog\copyfile.read.1.tlog
c:\users\mara\source\repos\freelancer-sirius-revival\flsr-hook\2.0\int\stats plugin\release\stats plugin.tlog\copyfile.write.1.tlog
c:\users\mara\source\repos\freelancer-sirius-revival\flsr-hook\2.0\int\stats plugin\release\stats plugin.tlog\link.command.1.tlog
c:\users\mara\source\repos\freelancer-sirius-revival\flsr-hook\2.0\int\stats plugin\release\stats plugin.tlog\link.read.1.tlog
c:\users\mara\source\repos\freelancer-sirius-revival\flsr-hook\2.0\int\stats plugin\release\stats plugin.tlog\link.write.1.tlog
c:\users\mara\source\repos\freelancer-sirius-revival\flsr-hook\2.0\int\stats plugin\release\stats plugin.tlog\stats plugin.write.1u.tlog
