c:\users\mara\source\repos\freelancer-sirius-revival\flsr-hook\2.0\int\death penalty plugin\release\vc142.pdb
c:\users\mara\source\repos\freelancer-sirius-revival\flsr-hook\2.0\int\death penalty plugin\release\main.obj
c:\users\mara\source\repos\freelancer-sirius-revival\flsr-hook\2.0\bin\release\plugins\death penalty plugin\deathpenalty.cfg
c:\users\mara\source\repos\freelancer-sirius-revival\flsr-hook\2.0\bin\release\plugins\death penalty plugin\deathpenalty.lib
c:\users\mara\source\repos\freelancer-sirius-revival\flsr-hook\2.0\bin\release\plugins\death penalty plugin\deathpenalty.exp
c:\users\mara\source\repos\freelancer-sirius-revival\flsr-hook\2.0\bin\release\plugins\death penalty plugin\deathpenalty.ilk
c:\users\mara\source\repos\freelancer-sirius-revival\flsr-hook\2.0\bin\release\plugins\death penalty plugin\deathpenalty.dll
c:\users\mara\source\repos\freelancer-sirius-revival\flsr-hook\2.0\bin\release\plugins\death penalty plugin\deathpenalty.pdb
c:\users\mara\source\repos\freelancer-sirius-revival\flsr-hook\2.0\project\..\bin\release\plugins\death penalty plugin\deathpenalty.pdb
c:\users\mara\source\repos\freelancer-sirius-revival\flsr-hook\2.0\project\..\bin\release\plugins\death penalty plugin\deathpenalty.ilk
c:\users\mara\source\repos\freelancer-sirius-revival\flsr-hook\2.0\int\death penalty plugin\release\death pe.723583d9.tlog\cl.command.1.tlog
c:\users\mara\source\repos\freelancer-sirius-revival\flsr-hook\2.0\int\death penalty plugin\release\death pe.723583d9.tlog\cl.read.1.tlog
c:\users\mara\source\repos\freelancer-sirius-revival\flsr-hook\2.0\int\death penalty plugin\release\death pe.723583d9.tlog\cl.write.1.tlog
c:\users\mara\source\repos\freelancer-sirius-revival\flsr-hook\2.0\int\death penalty plugin\release\death pe.723583d9.tlog\copyfile.command.1.tlog
c:\users\mara\source\repos\freelancer-sirius-revival\flsr-hook\2.0\int\death penalty plugin\release\death pe.723583d9.tlog\copyfile.read.1.tlog
c:\users\mara\source\repos\freelancer-sirius-revival\flsr-hook\2.0\int\death penalty plugin\release\death pe.723583d9.tlog\copyfile.write.1.tlog
c:\users\mara\source\repos\freelancer-sirius-revival\flsr-hook\2.0\int\death penalty plugin\release\death pe.723583d9.tlog\death penalty plugin.write.1u.tlog
c:\users\mara\source\repos\freelancer-sirius-revival\flsr-hook\2.0\int\death penalty plugin\release\death pe.723583d9.tlog\link.command.1.tlog
c:\users\mara\source\repos\freelancer-sirius-revival\flsr-hook\2.0\int\death penalty plugin\release\death pe.723583d9.tlog\link.read.1.tlog
c:\users\mara\source\repos\freelancer-sirius-revival\flsr-hook\2.0\int\death penalty plugin\release\death pe.723583d9.tlog\link.write.1.tlog
