  The vcpkg manifest was disabled, but we found a manifest file in C:\FLSR-Hook\2.0\. You may want to enable vcpkg manifests in your properties page or pass /p:VcpkgEnableManifest=true to the msbuild invocation.
  CustomHooks.cpp
  Debug.cpp
  Exceptions.cpp
  flcodec.cpp
  HkError.cpp
  HkFLIni.cpp
  HkHelp.cpp
  HkInit.cpp
C:\FLSR-Hook\2.0\source\global.h(14,10): fatal error C1083: Datei (Include) kann nicht geöffnet werden: "Singleton.h": No such file or directory (Quelldatei wird kompiliert ..\source\Exceptions.cpp)
C:\FLSR-Hook\2.0\source\global.h(14,10): fatal error C1083: Datei (Include) kann nicht geöffnet werden: "Singleton.h": No such file or directory (Quelldatei wird kompiliert ..\source\HkInit.cpp)
C:\FLSR-Hook\2.0\source\global.h(14,10): fatal error C1083: Datei (Include) kann nicht geöffnet werden: "Singleton.h": No such file or directory (Quelldatei wird kompiliert ..\source\HkHelp.cpp)
C:\FLSR-Hook\2.0\source\global.h(14,10): fatal error C1083: Datei (Include) kann nicht geöffnet werden: "Singleton.h": No such file or directory (Quelldatei wird kompiliert ..\source\Debug.cpp)
C:\FLSR-Hook\2.0\source\global.h(14,10): fatal error C1083: Datei (Include) kann nicht geöffnet werden: "Singleton.h": No such file or directory (Quelldatei wird kompiliert ..\source\CustomHooks.cpp)
C:\FLSR-Hook\2.0\source\global.h(14,10): fatal error C1083: Datei (Include) kann nicht geöffnet werden: "Singleton.h": No such file or directory (Quelldatei wird kompiliert ..\source\HkFLIni.cpp)
C:\FLSR-Hook\2.0\source\global.h(14,10): fatal error C1083: Datei (Include) kann nicht geöffnet werden: "Singleton.h": No such file or directory (Quelldatei wird kompiliert ..\source\HkError.cpp)
C:\FLSR-Hook\2.0\source\global.h(14,10): fatal error C1083: Datei (Include) kann nicht geöffnet werden: "Singleton.h": No such file or directory (Quelldatei wird kompiliert ..\source\flcodec.cpp)
  HkCbChat.cpp
  HkCbDamage.cpp
  HkCbDeath.cpp
  HkCbDisconnect.cpp
  HkCbIClientImpl.cpp
  HkCbIEngine.cpp
  HkCbIServerImpl.cpp
  HkTimers.cpp
C:\FLSR-Hook\2.0\source\global.h(14,10): fatal error C1083: Datei (Include) kann nicht geöffnet werden: "Singleton.h": No such file or directory (Quelldatei wird kompiliert ..\source\HkCbDeath.cpp)
  HkUserCmd.cpp
C:\FLSR-Hook\2.0\source\global.h(14,10): fatal error C1083: Datei (Include) kann nicht geöffnet werden: "Singleton.h": No such file or directory (Quelldatei wird kompiliert ..\source\HkCbIClientImpl.cpp)
  HkFuncLog.cpp
C:\FLSR-Hook\2.0\source\global.h(14,10): fatal error C1083: Datei (Include) kann nicht geöffnet werden: "Singleton.h": No such file or directory (Quelldatei wird kompiliert ..\source\HkCbIServerImpl.cpp)
  HkFuncMsg.cpp
C:\FLSR-Hook\2.0\source\global.h(14,10): fatal error C1083: Datei (Include) kann nicht geöffnet werden: "Singleton.h": No such file or directory (Quelldatei wird kompiliert ..\source\HkTimers.cpp)
  HkFuncOther.cpp
C:\FLSR-Hook\2.0\source\global.h(14,10): fatal error C1083: Datei (Include) kann nicht geöffnet werden: "Singleton.h": No such file or directory (Quelldatei wird kompiliert ..\source\HkCbDamage.cpp)
  HkFuncPlayers.cpp
C:\FLSR-Hook\2.0\source\global.h(14,10): fatal error C1083: Datei (Include) kann nicht geöffnet werden: "Singleton.h": No such file or directory (Quelldatei wird kompiliert ..\source\HkCbChat.cpp)
  HkFuncTools.cpp
C:\FLSR-Hook\2.0\source\global.h(14,10): fatal error C1083: Datei (Include) kann nicht geöffnet werden: "Singleton.h": No such file or directory (Quelldatei wird kompiliert ..\source\HkCbIEngine.cpp)
  HkDataBaseMarket.cpp
C:\FLSR-Hook\2.0\source\global.h(14,10): fatal error C1083: Datei (Include) kann nicht geöffnet werden: "Singleton.h": No such file or directory (Quelldatei wird kompiliert ..\source\HkCbDisconnect.cpp)
  wildcards.cpp
  CCmds.cpp
C:\FLSR-Hook\2.0\source\global.h(14,10): fatal error C1083: Datei (Include) kann nicht geöffnet werden: "Singleton.h": No such file or directory (Quelldatei wird kompiliert ..\source\HkUserCmd.cpp)
  CConsole.cpp
C:\FLSR-Hook\2.0\source\global.h(14,10): fatal error C1083: Datei (Include) kann nicht geöffnet werden: "Singleton.h": No such file or directory (Quelldatei wird kompiliert ..\source\HkFuncLog.cpp)
  CInGame.cpp
C:\FLSR-Hook\2.0\source\global.h(14,10): fatal error C1083: Datei (Include) kann nicht geöffnet werden: "Singleton.h": No such file or directory (Quelldatei wird kompiliert ..\source\HkFuncOther.cpp)
C:\FLSR-Hook\2.0\source\global.h(14,10): fatal error C1083: Datei (Include) kann nicht geöffnet werden: "Singleton.h": No such file or directory (Quelldatei wird kompiliert ..\source\HkFuncMsg.cpp)
  CSocket.cpp
  blowfish.cpp
  FLHook.cpp
C:\FLSR-Hook\2.0\source\global.h(14,10): fatal error C1083: Datei (Include) kann nicht geöffnet werden: "Singleton.h": No such file or directory (Quelldatei wird kompiliert ..\source\HkFuncTools.cpp)
  Settings.cpp
C:\FLSR-Hook\2.0\source\global.h(14,10): fatal error C1083: Datei (Include) kann nicht geöffnet werden: "Singleton.h": No such file or directory (Quelldatei wird kompiliert ..\source\HkFuncPlayers.cpp)
  Tools.cpp
C:\FLSR-Hook\2.0\source\global.h(14,10): fatal error C1083: Datei (Include) kann nicht geöffnet werden: "Singleton.h": No such file or directory (Quelldatei wird kompiliert ..\source\HkDataBaseMarket.cpp)
  ZoneUtilities.cpp
C:\FLSR-Hook\2.0\source\global.h(14,10): fatal error C1083: Datei (Include) kann nicht geöffnet werden: "Singleton.h": No such file or directory (Quelldatei wird kompiliert ..\source\CCmds.cpp)
C:\FLSR-Hook\2.0\source\global.h(14,10): fatal error C1083: Datei (Include) kann nicht geöffnet werden: "Singleton.h": No such file or directory (Quelldatei wird kompiliert ..\source\CConsole.cpp)
C:\FLSR-Hook\2.0\source\global.h(14,10): fatal error C1083: Datei (Include) kann nicht geöffnet werden: "Singleton.h": No such file or directory (Quelldatei wird kompiliert ..\source\CInGame.cpp)
C:\FLSR-Hook\2.0\source\global.h(14,10): fatal error C1083: Datei (Include) kann nicht geöffnet werden: "Singleton.h": No such file or directory (Quelldatei wird kompiliert ..\source\CSocket.cpp)
C:\FLSR-Hook\2.0\source\global.h(14,10): fatal error C1083: Datei (Include) kann nicht geöffnet werden: "Singleton.h": No such file or directory (Quelldatei wird kompiliert ..\source\FLHook.cpp)
C:\FLSR-Hook\2.0\source\global.h(14,10): fatal error C1083: Datei (Include) kann nicht geöffnet werden: "Singleton.h": No such file or directory (Quelldatei wird kompiliert ..\source\ZoneUtilities.cpp)
C:\FLSR-Hook\2.0\source\global.h(14,10): fatal error C1083: Datei (Include) kann nicht geöffnet werden: "Singleton.h": No such file or directory (Quelldatei wird kompiliert ..\source\Tools.cpp)
C:\FLSR-Hook\2.0\source\global.h(14,10): fatal error C1083: Datei (Include) kann nicht geöffnet werden: "Singleton.h": No such file or directory (Quelldatei wird kompiliert ..\source\Settings.cpp)
