c:\users\mara\source\repos\freelancer-sirius-revival\flsr-hook\2.0\int\flhook\debug\hkcbdisconnect.obj
c:\users\mara\source\repos\freelancer-sirius-revival\flsr-hook\2.0\int\flhook\debug\wildcards.obj
c:\users\mara\source\repos\freelancer-sirius-revival\flsr-hook\2.0\int\flhook\debug\hkcbiserverimpl.obj
c:\users\mara\source\repos\freelancer-sirius-revival\flsr-hook\2.0\int\flhook\debug\hkerror.obj
c:\users\mara\source\repos\freelancer-sirius-revival\flsr-hook\2.0\int\flhook\debug\hkdatabasemarket.obj
c:\users\mara\source\repos\freelancer-sirius-revival\flsr-hook\2.0\int\flhook\debug\hkcbiengine.obj
c:\users\mara\source\repos\freelancer-sirius-revival\flsr-hook\2.0\int\flhook\debug\cconsole.obj
c:\users\mara\source\repos\freelancer-sirius-revival\flsr-hook\2.0\int\flhook\debug\hktimers.obj
c:\users\mara\source\repos\freelancer-sirius-revival\flsr-hook\2.0\int\flhook\debug\settings.obj
c:\users\mara\source\repos\freelancer-sirius-revival\flsr-hook\2.0\int\flhook\debug\hkusercmd.obj
c:\users\mara\source\repos\freelancer-sirius-revival\flsr-hook\2.0\int\flhook\debug\flcodec.obj
c:\users\mara\source\repos\freelancer-sirius-revival\flsr-hook\2.0\int\flhook\debug\flhook.obj
c:\users\mara\source\repos\freelancer-sirius-revival\flsr-hook\2.0\int\flhook\debug\hkfunctools.obj
c:\users\mara\source\repos\freelancer-sirius-revival\flsr-hook\2.0\int\flhook\debug\hkfunclog.obj
c:\users\mara\source\repos\freelancer-sirius-revival\flsr-hook\2.0\int\flhook\debug\tools.obj
c:\users\mara\source\repos\freelancer-sirius-revival\flsr-hook\2.0\int\flhook\debug\hkcbchat.obj
c:\users\mara\source\repos\freelancer-sirius-revival\flsr-hook\2.0\int\flhook\debug\blowfish.obj
c:\users\mara\source\repos\freelancer-sirius-revival\flsr-hook\2.0\int\flhook\debug\hkcbiclientimpl.obj
c:\users\mara\source\repos\freelancer-sirius-revival\flsr-hook\2.0\int\flhook\debug\hkcbdamage.obj
c:\users\mara\source\repos\freelancer-sirius-revival\flsr-hook\2.0\int\flhook\debug\zoneutilities.obj
c:\users\mara\source\repos\freelancer-sirius-revival\flsr-hook\2.0\int\flhook\debug\hkfuncother.obj
c:\users\mara\source\repos\freelancer-sirius-revival\flsr-hook\2.0\int\flhook\debug\cingame.obj
c:\users\mara\source\repos\freelancer-sirius-revival\flsr-hook\2.0\int\flhook\debug\hkflini.obj
c:\users\mara\source\repos\freelancer-sirius-revival\flsr-hook\2.0\int\flhook\debug\csocket.obj
c:\users\mara\source\repos\freelancer-sirius-revival\flsr-hook\2.0\int\flhook\debug\hkhelp.obj
c:\users\mara\source\repos\freelancer-sirius-revival\flsr-hook\2.0\int\flhook\debug\hkfuncmsg.obj
c:\users\mara\source\repos\freelancer-sirius-revival\flsr-hook\2.0\int\flhook\debug\hkinit.obj
c:\users\mara\source\repos\freelancer-sirius-revival\flsr-hook\2.0\int\flhook\debug\exceptions.obj
c:\users\mara\source\repos\freelancer-sirius-revival\flsr-hook\2.0\int\flhook\debug\ccmds.obj
c:\users\mara\source\repos\freelancer-sirius-revival\flsr-hook\2.0\int\flhook\debug\hkcbdeath.obj
c:\users\mara\source\repos\freelancer-sirius-revival\flsr-hook\2.0\int\flhook\debug\hkfuncplayers.obj
c:\users\mara\source\repos\freelancer-sirius-revival\flsr-hook\2.0\int\flhook\debug\vc142.pdb
c:\users\mara\source\repos\freelancer-sirius-revival\flsr-hook\2.0\int\flhook\debug\hkpluginmanager1.obj
c:\users\mara\source\repos\freelancer-sirius-revival\flsr-hook\2.0\bin\debug\flhook.ini
c:\users\mara\source\repos\freelancer-sirius-revival\flsr-hook\2.0\flhooksdk\lib\flhook.lib
c:\users\mara\source\repos\freelancer-sirius-revival\flsr-hook\2.0\dist\debug\
c:\flhook-org\flhook\bin\debug\flhook.lib
c:\flhook-org\flhook\bin\debug\flhook.exp
c:\users\mara\source\repos\freelancer-sirius-revival\flsr-hook\2.0\bin\debug\flhook.lib
c:\users\mara\source\repos\freelancer-sirius-revival\flsr-hook\2.0\bin\debug\flhook.exp
c:\users\mara\source\repos\freelancer-sirius-revival\flsr-hook\2.0\int\flhook\debug\flhook.ilk
c:\users\mara\source\repos\freelancer-sirius-revival\flsr-hook\2.0\bin\debug\flhook.dll
c:\users\mara\source\repos\freelancer-sirius-revival\flsr-hook\2.0\bin\debug\flhook.pdb
c:\users\mara\source\repos\freelancer-sirius-revival\flsr-hook\2.0\project\..\bin\debug\flhook.pdb
c:\users\mara\source\repos\freelancer-sirius-revival\flsr-hook\2.0\int\flhook\debug\flhook.tlog\cl.command.1.tlog
c:\users\mara\source\repos\freelancer-sirius-revival\flsr-hook\2.0\int\flhook\debug\flhook.tlog\cl.read.1.tlog
c:\users\mara\source\repos\freelancer-sirius-revival\flsr-hook\2.0\int\flhook\debug\flhook.tlog\cl.write.1.tlog
c:\users\mara\source\repos\freelancer-sirius-revival\flsr-hook\2.0\int\flhook\debug\flhook.tlog\copyfile.command.1.tlog
c:\users\mara\source\repos\freelancer-sirius-revival\flsr-hook\2.0\int\flhook\debug\flhook.tlog\copyfile.read.1.tlog
c:\users\mara\source\repos\freelancer-sirius-revival\flsr-hook\2.0\int\flhook\debug\flhook.tlog\copyfile.write.1.tlog
c:\users\mara\source\repos\freelancer-sirius-revival\flsr-hook\2.0\int\flhook\debug\flhook.tlog\custombuildstep.read.1u.tlog
c:\users\mara\source\repos\freelancer-sirius-revival\flsr-hook\2.0\int\flhook\debug\flhook.tlog\custombuildstep.write.1u.tlog
c:\users\mara\source\repos\freelancer-sirius-revival\flsr-hook\2.0\int\flhook\debug\flhook.tlog\flhook.write.1u.tlog
c:\users\mara\source\repos\freelancer-sirius-revival\flsr-hook\2.0\int\flhook\debug\flhook.tlog\link.command.1.tlog
c:\users\mara\source\repos\freelancer-sirius-revival\flsr-hook\2.0\int\flhook\debug\flhook.tlog\link.delete.1.tlog
c:\users\mara\source\repos\freelancer-sirius-revival\flsr-hook\2.0\int\flhook\debug\flhook.tlog\link.read.1.tlog
c:\users\mara\source\repos\freelancer-sirius-revival\flsr-hook\2.0\int\flhook\debug\flhook.tlog\link.write.1.tlog
