  Installing vcpkg dependencies to C:\FLSR-Hook\2.0\vcpkg_installed\x86-windows\
  "C:\vcpkg\vcpkg\vcpkg.exe" install  --x-wait-for-lock --triplet "x86-windows" --vcpkg-root "C:\vcpkg\vcpkg\\" "--x-manifest-root=C:\FLSR-Hook\2.0\\" "--x-install-root=C:\FLSR-Hook\2.0\vcpkg_installed\x86-windows\\" 
  Es wird auf die Sperre des Dateisystems f├╝r ÔÇ×C:\vcpkg\vcpkg\.vcpkg-rootÔÇ£ gewartet...
  Compilerhash f├╝r Triplet x64-windows wird erkannt...
  Compilerhash f├╝r Triplet x86-windows wird erkannt...
  Alle angeforderten Pakete sind derzeit installiert.
  Gesamtinstallationszeit: 500 ns
  ÔÇ×crowÔÇ£ stellt CMake-Ziele bereit:
  
      # this is heuristically generated, and may be not correct
      find_package(Crow CONFIG REQUIRED)
      target_link_libraries(main PRIVATE Crow::Crow)
  
  The package nlohmann-json provides CMake targets:
  
      find_package(nlohmann_json CONFIG REQUIRED)
      target_link_libraries(main PRIVATE nlohmann_json::nlohmann_json)
  
  The package nlohmann-json can be configured to not provide implicit conversions via a custom triplet file:
  
      set(nlohmann-json_IMPLICIT_CONVERSIONS OFF)
  
  For more information, see the docs here:
      
      https://json.nlohmann.me/api/macros/json_use_implicit_conversions/
  
  dpp provides CMake targets:
      find_package(dpp CONFIG REQUIRED)
      target_link_libraries(main PRIVATE dpp::dpp)
  
  The package spdlog provides CMake targets:
  
      find_package(spdlog CONFIG REQUIRED)
      target_link_libraries(main PRIVATE spdlog::spdlog)
  
      # Or use the header-only version
      find_package(spdlog CONFIG REQUIRED)
      target_link_libraries(main PRIVATE spdlog::spdlog_header_only)
  
  ÔÇ×sqlitecppÔÇ£ stellt CMake-Ziele bereit:
  
      # this is heuristically generated, and may be not correct
      find_package(SQLiteCpp CONFIG REQUIRED)
      target_link_libraries(main PRIVATE SQLiteCpp)
  
  Main.cpp
     Bibliothek "C:\FLSR-Hook\2.0\project\..\bin\Release\plugins\Condata Plugin\condata.lib" und Objekt "C:\FLSR-Hook\2.0\project\..\bin\Release\plugins\Condata Plugin\condata.exp" werden erstellt.
  Connection Data Plugin.vcxproj -> C:\FLSR-Hook\2.0\bin\Release\plugins\Condata Plugin\condata.dll
  C:\FLSR-Hook\2.0\project\..\bin\Release\plugins\Condata Plugin\condata.dll
  1 Datei(en) kopiert
  C:\FLSR-Hook\2.0\project\..\bin\Release\plugins\Condata Plugin\condata.pdb
  1 Datei(en) kopiert
  Datei *.ini nicht gefunden
  0 Datei(en) kopiert
  Datei *.cfg nicht gefunden
  0 Datei(en) kopiert
