c:\users\mara\source\repos\freelancer-sirius-revival\flsr-hook\2.0\bin\release\plugins\bountyhunt plugin\bountyhunt.lib
c:\users\mara\source\repos\freelancer-sirius-revival\flsr-hook\2.0\bin\release\plugins\bountyhunt plugin\bountyhunt.exp
c:\users\mara\source\repos\freelancer-sirius-revival\flsr-hook\2.0\int\bountyhunt plugin\release\vc142.pdb
c:\users\mara\source\repos\freelancer-sirius-revival\flsr-hook\2.0\int\bountyhunt plugin\release\main.obj
c:\users\mara\source\repos\freelancer-sirius-revival\flsr-hook\2.0\bin\release\plugins\bountyhunt plugin\bountyhunt.cfg
c:\users\mara\source\repos\freelancer-sirius-revival\flsr-hook\2.0\bin\release\plugins\bountyhunt plugin\bountyhunt.ilk
c:\users\mara\source\repos\freelancer-sirius-revival\flsr-hook\2.0\bin\release\plugins\bountyhunt plugin\bountyhunt.dll
c:\users\mara\source\repos\freelancer-sirius-revival\flsr-hook\2.0\bin\release\plugins\bountyhunt plugin\bountyhunt.pdb
c:\users\mara\source\repos\freelancer-sirius-revival\flsr-hook\2.0\project\..\bin\release\plugins\bountyhunt plugin\bountyhunt.pdb
c:\users\mara\source\repos\freelancer-sirius-revival\flsr-hook\2.0\project\..\bin\release\plugins\bountyhunt plugin\bountyhunt.ilk
c:\users\mara\source\repos\freelancer-sirius-revival\flsr-hook\2.0\int\bountyhunt plugin\release\bountyhu.9cf41a32.tlog\bountyhunt plugin.write.1u.tlog
c:\users\mara\source\repos\freelancer-sirius-revival\flsr-hook\2.0\int\bountyhunt plugin\release\bountyhu.9cf41a32.tlog\cl.command.1.tlog
c:\users\mara\source\repos\freelancer-sirius-revival\flsr-hook\2.0\int\bountyhunt plugin\release\bountyhu.9cf41a32.tlog\cl.read.1.tlog
c:\users\mara\source\repos\freelancer-sirius-revival\flsr-hook\2.0\int\bountyhunt plugin\release\bountyhu.9cf41a32.tlog\cl.write.1.tlog
c:\users\mara\source\repos\freelancer-sirius-revival\flsr-hook\2.0\int\bountyhunt plugin\release\bountyhu.9cf41a32.tlog\copyfile.command.1.tlog
c:\users\mara\source\repos\freelancer-sirius-revival\flsr-hook\2.0\int\bountyhunt plugin\release\bountyhu.9cf41a32.tlog\copyfile.read.1.tlog
c:\users\mara\source\repos\freelancer-sirius-revival\flsr-hook\2.0\int\bountyhunt plugin\release\bountyhu.9cf41a32.tlog\copyfile.write.1.tlog
c:\users\mara\source\repos\freelancer-sirius-revival\flsr-hook\2.0\int\bountyhunt plugin\release\bountyhu.9cf41a32.tlog\link.command.1.tlog
c:\users\mara\source\repos\freelancer-sirius-revival\flsr-hook\2.0\int\bountyhunt plugin\release\bountyhu.9cf41a32.tlog\link.read.1.tlog
c:\users\mara\source\repos\freelancer-sirius-revival\flsr-hook\2.0\int\bountyhunt plugin\release\bountyhu.9cf41a32.tlog\link.write.1.tlog
