c:\users\mara\source\repos\freelancer-sirius-revival\flsr-hook\2.0\int\mark plugin\release\vc142.pdb
c:\users\mara\source\repos\freelancer-sirius-revival\flsr-hook\2.0\int\mark plugin\release\main.obj
c:\users\mara\source\repos\freelancer-sirius-revival\flsr-hook\2.0\bin\release\plugins\mark plugin\mark.cfg
c:\users\mara\source\repos\freelancer-sirius-revival\flsr-hook\2.0\bin\release\plugins\mark plugin\mark.ilk
c:\users\mara\source\repos\freelancer-sirius-revival\flsr-hook\2.0\bin\release\plugins\mark plugin\mark.dll
c:\users\mara\source\repos\freelancer-sirius-revival\flsr-hook\2.0\bin\release\plugins\mark plugin\mark.pdb
c:\users\mara\source\repos\freelancer-sirius-revival\flsr-hook\2.0\bin\release\plugins\mark plugin\mark.lib
c:\users\mara\source\repos\freelancer-sirius-revival\flsr-hook\2.0\bin\release\plugins\mark plugin\mark.exp
c:\users\mara\source\repos\freelancer-sirius-revival\flsr-hook\2.0\project\..\bin\release\plugins\mark plugin\mark.pdb
c:\users\mara\source\repos\freelancer-sirius-revival\flsr-hook\2.0\project\..\bin\release\plugins\mark plugin\mark.ilk
c:\users\mara\source\repos\freelancer-sirius-revival\flsr-hook\2.0\int\mark plugin\release\mark plugin.tlog\cl.command.1.tlog
c:\users\mara\source\repos\freelancer-sirius-revival\flsr-hook\2.0\int\mark plugin\release\mark plugin.tlog\cl.read.1.tlog
c:\users\mara\source\repos\freelancer-sirius-revival\flsr-hook\2.0\int\mark plugin\release\mark plugin.tlog\cl.write.1.tlog
c:\users\mara\source\repos\freelancer-sirius-revival\flsr-hook\2.0\int\mark plugin\release\mark plugin.tlog\copyfile.command.1.tlog
c:\users\mara\source\repos\freelancer-sirius-revival\flsr-hook\2.0\int\mark plugin\release\mark plugin.tlog\copyfile.read.1.tlog
c:\users\mara\source\repos\freelancer-sirius-revival\flsr-hook\2.0\int\mark plugin\release\mark plugin.tlog\copyfile.write.1.tlog
c:\users\mara\source\repos\freelancer-sirius-revival\flsr-hook\2.0\int\mark plugin\release\mark plugin.tlog\link.command.1.tlog
c:\users\mara\source\repos\freelancer-sirius-revival\flsr-hook\2.0\int\mark plugin\release\mark plugin.tlog\link.read.1.tlog
c:\users\mara\source\repos\freelancer-sirius-revival\flsr-hook\2.0\int\mark plugin\release\mark plugin.tlog\link.write.1.tlog
c:\users\mara\source\repos\freelancer-sirius-revival\flsr-hook\2.0\int\mark plugin\release\mark plugin.tlog\mark plugin.write.1u.tlog
