  AntiJumpDisconnect.cpp
  CargoDrop.cpp
  CrashCatcher.cpp
C:\FLSR-Hook\2.0\plugins\playercntl_plugin\src\CrashCatcher.cpp(41,13): error C2712: __try kann nicht in Funktionen verwendet werden, die eine Objektentladung benötigen
C:\FLSR-Hook\2.0\plugins\playercntl_plugin\src\CrashCatcher.cpp(137,23): error C2712: __try kann nicht in Funktionen verwendet werden, die eine Objektentladung benötigen
C:\FLSR-Hook\2.0\plugins\playercntl_plugin\src\CrashCatcher.cpp(176,23): error C2712: __try kann nicht in Funktionen verwendet werden, die eine Objektentladung benötigen
C:\FLSR-Hook\2.0\plugins\playercntl_plugin\src\CrashCatcher.cpp(214,5): error C2712: __try kann nicht in Funktionen verwendet werden, die eine Objektentladung benötigen
  EquipmentUtilities.cpp
C:\FLSR-Hook\2.0\plugins\playercntl_plugin\src\EquipmentUtilities.cpp(41,17): error C2653: "Globals": Keine Klasse oder Namespace
C:\FLSR-Hook\2.0\plugins\playercntl_plugin\src\EquipmentUtilities.cpp(49,25): error C2653: "Globals": Keine Klasse oder Namespace
C:\FLSR-Hook\2.0\plugins\playercntl_plugin\src\EquipmentUtilities.cpp(64,45): error C2653: "Globals": Keine Klasse oder Namespace
C:\FLSR-Hook\2.0\plugins\playercntl_plugin\src\EquipmentUtilities.cpp(66,45): error C2653: "Globals": Keine Klasse oder Namespace
C:\FLSR-Hook\2.0\plugins\playercntl_plugin\src\EquipmentUtilities.cpp(68,45): error C2653: "Globals": Keine Klasse oder Namespace
C:\FLSR-Hook\2.0\plugins\playercntl_plugin\src\EquipmentUtilities.cpp(70,45): error C2653: "Globals": Keine Klasse oder Namespace
  Givecash.cpp
  HyperJump.cpp
C:\FLSR-Hook\2.0\plugins\playercntl_plugin\src\HyperJump.cpp(123,9): warning C4996: '_snwprintf': This function or variable may be unsafe. Consider using _snwprintf_s instead. To disable deprecation, use _CRT_SECURE_NO_WARNINGS. See online help for details.
C:\FLSR-Hook\2.0\plugins\playercntl_plugin\src\HyperJump.cpp(624,25): warning C4996: 'strcpy': This function or variable may be unsafe. Consider using strcpy_s instead. To disable deprecation, use _CRT_SECURE_NO_WARNINGS. See online help for details.
C:\FLSR-Hook\2.0\plugins\playercntl_plugin\src\HyperJump.cpp(820,17): warning C4996: 'strcpy': This function or variable may be unsafe. Consider using strcpy_s instead. To disable deprecation, use _CRT_SECURE_NO_WARNINGS. See online help for details.
C:\FLSR-Hook\2.0\plugins\playercntl_plugin\src\HyperJump.cpp(842,17): warning C4996: 'strcpy': This function or variable may be unsafe. Consider using strcpy_s instead. To disable deprecation, use _CRT_SECURE_NO_WARNINGS. See online help for details.
  IPBan.cpp
  Mail.cpp
  Main.cpp
C:\FLSR-Hook\2.0\plugins\playercntl_plugin\src\Main.cpp(315,22): warning C4996: 'fopen': This function or variable may be unsafe. Consider using fopen_s instead. To disable deprecation, use _CRT_SECURE_NO_WARNINGS. See online help for details.
C:\FLSR-Hook\2.0\plugins\playercntl_plugin\src\Main.cpp(1169,25): warning C4996: 'fopen': This function or variable may be unsafe. Consider using fopen_s instead. To disable deprecation, use _CRT_SECURE_NO_WARNINGS. See online help for details.
C:\FLSR-Hook\2.0\plugins\playercntl_plugin\src\Main.cpp(1177,20): warning C4996: 'fopen': This function or variable may be unsafe. Consider using fopen_s instead. To disable deprecation, use _CRT_SECURE_NO_WARNINGS. See online help for details.
  Message.cpp
C:\FLSR-Hook\2.0\plugins\playercntl_plugin\src\Message.cpp(185,9): warning C4996: 'wcscpy': This function or variable may be unsafe. Consider using wcscpy_s instead. To disable deprecation, use _CRT_SECURE_NO_WARNINGS. See online help for details.
  MiscCmds.cpp
  PimpShip.cpp
  PlayerInfo.cpp
  PurchaseRestrictions.cpp
  Rename.cpp
  RepFixer.cpp
  Restart.cpp
  StartupCache.cpp
  SystemSensor.cpp
  wildcards.cpp
  Code wird generiert...
  Kompilieren...
  Wardrobe.cpp
  Code wird generiert...
