c:\users\mara\source\repos\freelancer-sirius-revival\flsr-hook\2.0\int\player control\release\vc142.pdb
c:\users\mara\source\repos\freelancer-sirius-revival\flsr-hook\2.0\int\player control\release\wildcards.obj
c:\users\mara\source\repos\freelancer-sirius-revival\flsr-hook\2.0\int\player control\release\systemsensor.obj
c:\users\mara\source\repos\freelancer-sirius-revival\flsr-hook\2.0\int\player control\release\startupcache.obj
c:\users\mara\source\repos\freelancer-sirius-revival\flsr-hook\2.0\int\player control\release\restart.obj
c:\users\mara\source\repos\freelancer-sirius-revival\flsr-hook\2.0\int\player control\release\repfixer.obj
c:\users\mara\source\repos\freelancer-sirius-revival\flsr-hook\2.0\int\player control\release\rename.obj
c:\users\mara\source\repos\freelancer-sirius-revival\flsr-hook\2.0\int\player control\release\purchaserestrictions.obj
c:\users\mara\source\repos\freelancer-sirius-revival\flsr-hook\2.0\int\player control\release\playerinfo.obj
c:\users\mara\source\repos\freelancer-sirius-revival\flsr-hook\2.0\int\player control\release\pimpship.obj
c:\users\mara\source\repos\freelancer-sirius-revival\flsr-hook\2.0\int\player control\release\misccmds.obj
c:\users\mara\source\repos\freelancer-sirius-revival\flsr-hook\2.0\int\player control\release\message.obj
c:\users\mara\source\repos\freelancer-sirius-revival\flsr-hook\2.0\int\player control\release\main.obj
c:\users\mara\source\repos\freelancer-sirius-revival\flsr-hook\2.0\int\player control\release\mail.obj
c:\users\mara\source\repos\freelancer-sirius-revival\flsr-hook\2.0\int\player control\release\ipban.obj
c:\users\mara\source\repos\freelancer-sirius-revival\flsr-hook\2.0\int\player control\release\hyperjump.obj
c:\users\mara\source\repos\freelancer-sirius-revival\flsr-hook\2.0\int\player control\release\givecash.obj
c:\users\mara\source\repos\freelancer-sirius-revival\flsr-hook\2.0\int\player control\release\equipmentutilities.obj
c:\users\mara\source\repos\freelancer-sirius-revival\flsr-hook\2.0\int\player control\release\crashcatcher.obj
c:\users\mara\source\repos\freelancer-sirius-revival\flsr-hook\2.0\int\player control\release\cargodrop.obj
c:\users\mara\source\repos\freelancer-sirius-revival\flsr-hook\2.0\int\player control\release\antijumpdisconnect.obj
c:\users\mara\source\repos\freelancer-sirius-revival\flsr-hook\2.0\int\player control\release\wardrobe.obj
c:\users\mara\source\repos\freelancer-sirius-revival\flsr-hook\2.0\bin\release\plugins\player control\playercntl.ilk
c:\users\mara\source\repos\freelancer-sirius-revival\flsr-hook\2.0\bin\release\plugins\player control\playercntl.dll
c:\users\mara\source\repos\freelancer-sirius-revival\flsr-hook\2.0\bin\release\plugins\player control\playercntl.pdb
c:\users\mara\source\repos\freelancer-sirius-revival\flsr-hook\2.0\bin\release\plugins\player control\playercntl.lib
c:\users\mara\source\repos\freelancer-sirius-revival\flsr-hook\2.0\bin\release\plugins\player control\playercntl.exp
c:\users\mara\source\repos\freelancer-sirius-revival\flsr-hook\2.0\project\..\bin\release\plugins\player control\playercntl.pdb
c:\users\mara\source\repos\freelancer-sirius-revival\flsr-hook\2.0\project\..\bin\release\plugins\player control\playercntl.ilk
c:\users\mara\source\repos\freelancer-sirius-revival\flsr-hook\2.0\int\player control\release\player control.tlog\cl.command.1.tlog
c:\users\mara\source\repos\freelancer-sirius-revival\flsr-hook\2.0\int\player control\release\player control.tlog\cl.read.1.tlog
c:\users\mara\source\repos\freelancer-sirius-revival\flsr-hook\2.0\int\player control\release\player control.tlog\cl.write.1.tlog
c:\users\mara\source\repos\freelancer-sirius-revival\flsr-hook\2.0\int\player control\release\player control.tlog\link.command.1.tlog
c:\users\mara\source\repos\freelancer-sirius-revival\flsr-hook\2.0\int\player control\release\player control.tlog\link.read.1.tlog
c:\users\mara\source\repos\freelancer-sirius-revival\flsr-hook\2.0\int\player control\release\player control.tlog\link.write.1.tlog
c:\users\mara\source\repos\freelancer-sirius-revival\flsr-hook\2.0\int\player control\release\player control.tlog\player control.write.1u.tlog
