  AntiCheat.cpp
C:\FLSR-Hook\2.0\plugins\flsr_plugin\AntiCheat.cpp(5,40): warning C4273: "AntiCheat::AC_Info": Inkonsistente DLL-Bindung.
C:\FLSR-Hook\2.0\plugins\flsr_plugin\main.h(612,27): message : Siehe vorherige Definition von "AC_Info"
C:\FLSR-Hook\2.0\plugins\flsr_plugin\AntiCheat.cpp(14,77): warning C4244: "=": Konvertierung von "double" in "float", möglicher Datenverlust
C:\FLSR-Hook\2.0\plugins\flsr_plugin\AntiCheat.cpp(15,71): warning C4244: "=": Konvertierung von "double" in "float", möglicher Datenverlust
  Chat.cpp
  Cloak.cpp
  Commands.cpp
C:\FLSR-Hook\2.0\plugins\flsr_plugin\Commands.cpp(1069,10): error C2440: "Initialisierung": "const wchar_t [4]" kann nicht in "wchar_t *" konvertiert werden
C:\FLSR-Hook\2.0\plugins\flsr_plugin\Commands.cpp(1069,10): message : Bei der Konvertierung von Zeichenfolgenliteral geht der Konstantenqualifizierer verloren (siehe /Zc:strictStrings)
C:\FLSR-Hook\2.0\plugins\flsr_plugin\Commands.cpp(1070,10): error C2440: "Initialisierung": "const wchar_t [12]" kann nicht in "wchar_t *" konvertiert werden
C:\FLSR-Hook\2.0\plugins\flsr_plugin\Commands.cpp(1070,10): message : Bei der Konvertierung von Zeichenfolgenliteral geht der Konstantenqualifizierer verloren (siehe /Zc:strictStrings)
C:\FLSR-Hook\2.0\plugins\flsr_plugin\Commands.cpp(1071,10): error C2440: "Initialisierung": "const wchar_t [15]" kann nicht in "wchar_t *" konvertiert werden
C:\FLSR-Hook\2.0\plugins\flsr_plugin\Commands.cpp(1071,10): message : Bei der Konvertierung von Zeichenfolgenliteral geht der Konstantenqualifizierer verloren (siehe /Zc:strictStrings)
C:\FLSR-Hook\2.0\plugins\flsr_plugin\Commands.cpp(1072,10): error C2440: "Initialisierung": "const wchar_t [13]" kann nicht in "wchar_t *" konvertiert werden
C:\FLSR-Hook\2.0\plugins\flsr_plugin\Commands.cpp(1072,10): message : Bei der Konvertierung von Zeichenfolgenliteral geht der Konstantenqualifizierer verloren (siehe /Zc:strictStrings)
C:\FLSR-Hook\2.0\plugins\flsr_plugin\Commands.cpp(1073,10): error C2440: "Initialisierung": "const wchar_t [12]" kann nicht in "wchar_t *" konvertiert werden
C:\FLSR-Hook\2.0\plugins\flsr_plugin\Commands.cpp(1073,10): message : Bei der Konvertierung von Zeichenfolgenliteral geht der Konstantenqualifizierer verloren (siehe /Zc:strictStrings)
C:\FLSR-Hook\2.0\plugins\flsr_plugin\Commands.cpp(1074,10): error C2440: "Initialisierung": "const wchar_t [10]" kann nicht in "wchar_t *" konvertiert werden
C:\FLSR-Hook\2.0\plugins\flsr_plugin\Commands.cpp(1074,10): message : Bei der Konvertierung von Zeichenfolgenliteral geht der Konstantenqualifizierer verloren (siehe /Zc:strictStrings)
C:\FLSR-Hook\2.0\plugins\flsr_plugin\Commands.cpp(1075,10): error C2440: "Initialisierung": "const wchar_t [11]" kann nicht in "wchar_t *" konvertiert werden
C:\FLSR-Hook\2.0\plugins\flsr_plugin\Commands.cpp(1075,10): message : Bei der Konvertierung von Zeichenfolgenliteral geht der Konstantenqualifizierer verloren (siehe /Zc:strictStrings)
C:\FLSR-Hook\2.0\plugins\flsr_plugin\Commands.cpp(1076,10): error C2440: "Initialisierung": "const wchar_t [13]" kann nicht in "wchar_t *" konvertiert werden
C:\FLSR-Hook\2.0\plugins\flsr_plugin\Commands.cpp(1076,10): message : Bei der Konvertierung von Zeichenfolgenliteral geht der Konstantenqualifizierer verloren (siehe /Zc:strictStrings)
C:\FLSR-Hook\2.0\plugins\flsr_plugin\Commands.cpp(1077,10): error C2440: "Initialisierung": "const wchar_t [15]" kann nicht in "wchar_t *" konvertiert werden
C:\FLSR-Hook\2.0\plugins\flsr_plugin\Commands.cpp(1077,10): message : Bei der Konvertierung von Zeichenfolgenliteral geht der Konstantenqualifizierer verloren (siehe /Zc:strictStrings)
C:\FLSR-Hook\2.0\plugins\flsr_plugin\Commands.cpp(1078,10): error C2440: "Initialisierung": "const wchar_t [15]" kann nicht in "wchar_t *" konvertiert werden
C:\FLSR-Hook\2.0\plugins\flsr_plugin\Commands.cpp(1078,10): message : Bei der Konvertierung von Zeichenfolgenliteral geht der Konstantenqualifizierer verloren (siehe /Zc:strictStrings)
C:\FLSR-Hook\2.0\plugins\flsr_plugin\Commands.cpp(1079,10): error C2440: "Initialisierung": "const wchar_t [7]" kann nicht in "wchar_t *" konvertiert werden
C:\FLSR-Hook\2.0\plugins\flsr_plugin\Commands.cpp(1079,10): message : Bei der Konvertierung von Zeichenfolgenliteral geht der Konstantenqualifizierer verloren (siehe /Zc:strictStrings)
C:\FLSR-Hook\2.0\plugins\flsr_plugin\Commands.cpp(1080,4): error C2440: "Initialisierung": "const wchar_t [9]" kann nicht in "wchar_t *" konvertiert werden
C:\FLSR-Hook\2.0\plugins\flsr_plugin\Commands.cpp(1080,4): message : Bei der Konvertierung von Zeichenfolgenliteral geht der Konstantenqualifizierer verloren (siehe /Zc:strictStrings)
C:\FLSR-Hook\2.0\plugins\flsr_plugin\Commands.cpp(1081,10): error C2440: "Initialisierung": "const wchar_t [6]" kann nicht in "wchar_t *" konvertiert werden
C:\FLSR-Hook\2.0\plugins\flsr_plugin\Commands.cpp(1081,10): message : Bei der Konvertierung von Zeichenfolgenliteral geht der Konstantenqualifizierer verloren (siehe /Zc:strictStrings)
C:\FLSR-Hook\2.0\plugins\flsr_plugin\Commands.cpp(1082,10): error C2440: "Initialisierung": "const wchar_t [5]" kann nicht in "wchar_t *" konvertiert werden
C:\FLSR-Hook\2.0\plugins\flsr_plugin\Commands.cpp(1082,10): message : Bei der Konvertierung von Zeichenfolgenliteral geht der Konstantenqualifizierer verloren (siehe /Zc:strictStrings)
C:\FLSR-Hook\2.0\plugins\flsr_plugin\Commands.cpp(1083,10): error C2440: "Initialisierung": "const wchar_t [12]" kann nicht in "wchar_t *" konvertiert werden
C:\FLSR-Hook\2.0\plugins\flsr_plugin\Commands.cpp(1083,10): message : Bei der Konvertierung von Zeichenfolgenliteral geht der Konstantenqualifizierer verloren (siehe /Zc:strictStrings)
C:\FLSR-Hook\2.0\plugins\flsr_plugin\Commands.cpp(1084,10): error C2440: "Initialisierung": "const wchar_t [10]" kann nicht in "wchar_t *" konvertiert werden
C:\FLSR-Hook\2.0\plugins\flsr_plugin\Commands.cpp(1084,10): message : Bei der Konvertierung von Zeichenfolgenliteral geht der Konstantenqualifizierer verloren (siehe /Zc:strictStrings)
C:\FLSR-Hook\2.0\plugins\flsr_plugin\Commands.cpp(1085,10): error C2440: "Initialisierung": "const wchar_t [8]" kann nicht in "wchar_t *" konvertiert werden
C:\FLSR-Hook\2.0\plugins\flsr_plugin\Commands.cpp(1085,10): message : Bei der Konvertierung von Zeichenfolgenliteral geht der Konstantenqualifizierer verloren (siehe /Zc:strictStrings)
  CustomMissions.cpp
  Depot.cpp
  Docking.cpp
  EquipWhiteList.cpp
C:\FLSR-Hook\2.0\plugins\flsr_plugin\EquipWhiteList.cpp(70,18): warning C4018: "<": Konflikt zwischen "signed" und "unsigned"
C:\FLSR-Hook\2.0\plugins\flsr_plugin\EquipWhiteList.cpp(118,17): warning C4018: "<": Konflikt zwischen "signed" und "unsigned"
C:\FLSR-Hook\2.0\plugins\flsr_plugin\EquipWhiteList.cpp(154,18): warning C4018: "<": Konflikt zwischen "signed" und "unsigned"
  FuseControl.cpp
  Hooks.cpp
C:\Program Files (x86)\Microsoft Visual Studio\2019\Community\VC\Tools\MSVC\14.29.30133\include\xmemory(1985,24): warning C4244: "Argument": Konvertierung von "wchar_t" in "unsigned char", möglicher Datenverlust
C:\FLSR-Hook\2.0\plugins\flsr_plugin\Hooks.cpp(181): message : Siehe Verweis auf die gerade kompilierte Instanziierung "_FwdIt std::remove_if<std::_String_iterator<std::_String_val<std::_Simple_types<_Elem>>>,Hooks::SendDeathMsg::<lambda_1>>(_FwdIt,const _FwdIt,_Pr)" der Funktions-Vorlage.
          with
          [
              _FwdIt=std::_String_iterator<std::_String_val<std::_Simple_types<wchar_t>>>,
              _Elem=wchar_t,
              _Pr=Hooks::SendDeathMsg::<lambda_1>
          ]
C:\Program Files (x86)\Microsoft Visual Studio\2019\Community\VC\Tools\MSVC\14.29.30133\include\xutility(5532,19): warning C4244: "Argument": Konvertierung von "wchar_t" in "unsigned char", möglicher Datenverlust
C:\Program Files (x86)\Microsoft Visual Studio\2019\Community\VC\Tools\MSVC\14.29.30133\include\xmemory(1981): message : Siehe Verweis auf die gerade kompilierte Instanziierung "_InIt std::find_if<wchar_t*,_Fn>(_InIt,const _InIt,_Pr)" der Funktions-Vorlage.
          with
          [
              _InIt=wchar_t *,
              _Fn=Hooks::SendDeathMsg::<lambda_1>,
              _Pr=Hooks::SendDeathMsg::<lambda_1>
          ]
C:\FLSR-Hook\2.0\plugins\flsr_plugin\Hooks.cpp(181): message : Siehe Verweis auf die gerade kompilierte Instanziierung "_FwdIt std::remove_if<std::_String_iterator<std::_String_val<std::_Simple_types<_Elem>>>,Hooks::SendDeathMsg::<lambda_1>>(_FwdIt,const _FwdIt,_Pr)" der Funktions-Vorlage.
          with
          [
              _FwdIt=std::_String_iterator<std::_String_val<std::_Simple_types<wchar_t>>>,
              _Elem=wchar_t,
              _Pr=Hooks::SendDeathMsg::<lambda_1>
          ]
  Main.cpp
  Modules.cpp
  PathSelection.cpp
C:\FLSR-Hook\2.0\plugins\flsr_plugin\PathSelection.cpp(11,54): warning C4273: "PathSelection::UnlawfulPlayerData": Inkonsistente DLL-Bindung.
C:\FLSR-Hook\2.0\plugins\flsr_plugin\main.h(862,34): message : Siehe vorherige Definition von "UnlawfulPlayerData"
  PlayerHunt.cpp
C:\FLSR-Hook\2.0\plugins\flsr_plugin\PlayerHunt.cpp(211,15): warning C4244: "Initialisierung": Konvertierung von "float" in "int", möglicher Datenverlust
C:\FLSR-Hook\2.0\plugins\flsr_plugin\PlayerHunt.cpp(451,21): warning C4018: "<": Konflikt zwischen "signed" und "unsigned"
  PopUp.cpp
  ClientController.cpp
  Insurance.cpp
C:\FLSR-Hook\2.0\plugins\flsr_plugin\Insurance.cpp(506,18): warning C4101: "err": Unreferenzierte lokale Variable
  PVP.cpp
  SendCash.cpp
  SQL.cpp
  Code wird generiert...
C:\FLSR-Hook\2.0\plugins\flsr_plugin\Insurance.cpp(550): warning C4700: Die nicht initialisierte lokale Variable "fValue" wurde verwendet.
C:\FLSR-Hook\2.0\plugins\flsr_plugin\Insurance.cpp(59): warning C4700: Die nicht initialisierte lokale Variable "fValue" wurde verwendet.
C:\FLSR-Hook\2.0\plugins\flsr_plugin\PathSelection.cpp(89): warning C4715: "PathSelection::Check_BlockedGate": Nicht alle Codepfade geben einen Wert zurück.
C:\FLSR-Hook\2.0\plugins\flsr_plugin\Cloak.cpp(709): warning C4715: "Cloak::Check_Dock_Call": Nicht alle Codepfade geben einen Wert zurück.
C:\FLSR-Hook\2.0\plugins\flsr_plugin\Cloak.cpp(750): warning C4715: "Cloak::Check_RequestEventFormaDocking": Nicht alle Codepfade geben einen Wert zurück.
  Kompilieren...
  Timers.cpp
  Tools.cpp
C:\FLSR-Hook\2.0\plugins\flsr_plugin\Tools.cpp(473,18): warning C4101: "err": Unreferenzierte lokale Variable
C:\FLSR-Hook\2.0\plugins\flsr_plugin\Tools.cpp(589,73): warning C4267: "=": Konvertierung von "size_t" nach "unsigned char", Datenverlust möglich
C:\FLSR-Hook\2.0\plugins\flsr_plugin\Tools.cpp(609,69): warning C4267: "=": Konvertierung von "size_t" nach "unsigned char", Datenverlust möglich
C:\FLSR-Hook\2.0\plugins\flsr_plugin\Tools.cpp(732,24): warning C4244: "Initialisierung": Konvertierung von "double" in "float", möglicher Datenverlust
  Code wird generiert...
C:\FLSR-Hook\2.0\plugins\flsr_plugin\Tools.cpp(45): warning C4700: Die nicht initialisierte lokale Variable "fValue" wurde verwendet.
