c:\users\mara\source\repos\freelancer-sirius-revival\flsr-hook\2.0\int\flsr plugin\release\vc142.pdb
c:\users\mara\source\repos\freelancer-sirius-revival\flsr-hook\2.0\int\flsr plugin\release\tools.obj
c:\users\mara\source\repos\freelancer-sirius-revival\flsr-hook\2.0\int\flsr plugin\release\timers.obj
c:\users\mara\source\repos\freelancer-sirius-revival\flsr-hook\2.0\int\flsr plugin\release\sendcash.obj
c:\users\mara\source\repos\freelancer-sirius-revival\flsr-hook\2.0\int\flsr plugin\release\solar.obj
c:\users\mara\source\repos\freelancer-sirius-revival\flsr-hook\2.0\int\flsr plugin\release\insurance.obj
c:\users\mara\source\repos\freelancer-sirius-revival\flsr-hook\2.0\int\flsr plugin\release\clientcontroller.obj
c:\users\mara\source\repos\freelancer-sirius-revival\flsr-hook\2.0\int\flsr plugin\release\popup.obj
c:\users\mara\source\repos\freelancer-sirius-revival\flsr-hook\2.0\int\flsr plugin\release\main.obj
c:\users\mara\source\repos\freelancer-sirius-revival\flsr-hook\2.0\int\flsr plugin\release\hooks.obj
c:\users\mara\source\repos\freelancer-sirius-revival\flsr-hook\2.0\int\flsr plugin\release\docking.obj
c:\users\mara\source\repos\freelancer-sirius-revival\flsr-hook\2.0\int\flsr plugin\release\commands.obj
c:\users\mara\source\repos\freelancer-sirius-revival\flsr-hook\2.0\int\flsr plugin\release\chat.obj
c:\users\mara\source\repos\freelancer-sirius-revival\flsr-hook\2.0\int\flsr plugin\release\anticheat.obj
c:\users\mara\source\repos\freelancer-sirius-revival\flsr-hook\2.0\bin\release\plugins\flsr plugin\flsr.lib
c:\users\mara\source\repos\freelancer-sirius-revival\flsr-hook\2.0\bin\release\plugins\flsr plugin\flsr.exp
c:\users\mara\source\repos\freelancer-sirius-revival\flsr-hook\2.0\bin\release\plugins\flsr plugin\flsr.ilk
c:\users\mara\source\repos\freelancer-sirius-revival\flsr-hook\2.0\bin\release\plugins\flsr plugin\flsr.dll
c:\users\mara\source\repos\freelancer-sirius-revival\flsr-hook\2.0\bin\release\plugins\flsr plugin\flsr.pdb
c:\users\mara\source\repos\freelancer-sirius-revival\flsr-hook\2.0\project\..\bin\release\plugins\flsr plugin\flsr.pdb
c:\users\mara\source\repos\freelancer-sirius-revival\flsr-hook\2.0\project\..\bin\release\plugins\flsr plugin\flsr.ilk
c:\users\mara\source\repos\freelancer-sirius-revival\flsr-hook\2.0\int\flsr plugin\release\flsr plugin.tlog\cl.command.1.tlog
c:\users\mara\source\repos\freelancer-sirius-revival\flsr-hook\2.0\int\flsr plugin\release\flsr plugin.tlog\cl.read.1.tlog
c:\users\mara\source\repos\freelancer-sirius-revival\flsr-hook\2.0\int\flsr plugin\release\flsr plugin.tlog\cl.write.1.tlog
c:\users\mara\source\repos\freelancer-sirius-revival\flsr-hook\2.0\int\flsr plugin\release\flsr plugin.tlog\flsr plugin.write.1u.tlog
c:\users\mara\source\repos\freelancer-sirius-revival\flsr-hook\2.0\int\flsr plugin\release\flsr plugin.tlog\link.command.1.tlog
c:\users\mara\source\repos\freelancer-sirius-revival\flsr-hook\2.0\int\flsr plugin\release\flsr plugin.tlog\link.read.1.tlog
c:\users\mara\source\repos\freelancer-sirius-revival\flsr-hook\2.0\int\flsr plugin\release\flsr plugin.tlog\link.write.1.tlog
