  The vcpkg manifest was disabled, but we found a manifest file in C:\FLSR-Hook\2.0\. You may want to enable vcpkg manifests in your properties page or pass /p:VcpkgEnableManifest=true to the msbuild invocation.
  CustomHooks.cpp
  Debug.cpp
  Exceptions.cpp
  flcodec.cpp
  HkError.cpp
  HkFLIni.cpp
  HkHelp.cpp
  HkInit.cpp
  HkCbChat.cpp
  HkCbDamage.cpp
  HkCbDeath.cpp
  HkCbDisconnect.cpp
  HkCbIClientImpl.cpp
  HkCbIEngine.cpp
  HkCbIServerImpl.cpp
  HkTimers.cpp
  HkUserCmd.cpp
  HkFuncLog.cpp
  HkFuncMsg.cpp
  HkFuncOther.cpp
  HkFuncPlayers.cpp
  HkFuncTools.cpp
  HkDataBaseMarket.cpp
C:\FLSR-Hook\2.0\source\HkFuncLog.cpp(64,37): warning C4101: "ex": Unreferenzierte lokale Variable
C:\FLSR-Hook\2.0\source\HkFuncMsg.cpp(351,25): warning C4244: "Initialisierung": Konvertierung von "double" in "float", möglicher Datenverlust
  wildcards.cpp
  CCmds.cpp
  CConsole.cpp
  CInGame.cpp
  CSocket.cpp
  blowfish.cpp
  FLHook.cpp
  Settings.cpp
  Tools.cpp
  ZoneUtilities.cpp
  HkPluginManager.cpp
  CustomHooks.obj : Es wurde ein mit /GL kompiliertes MSIL .netmodule oder module gefunden. Verknüpfung wird mit /LTCG erneut gestartet. Fügen Sie /LTCG zur Linkbefehlszeile hinzu, um die Linkerleistung zu erhöhen.
     Bibliothek "C:\FLSR-Hook\2.0\project\..\bin\Release\FLHook.lib" und Objekt "C:\FLSR-Hook\2.0\project\..\bin\Release\FLHook.exp" werden erstellt.
  Code wird generiert.
  Codegenerierung ist abgeschlossen.
  FLHook.vcxproj -> C:\FLSR-Hook\2.0\bin\Release\FLHook.dll
  Performing Custom Build Step
  C:\FLSR-Hook\2.0\project\..\bin\Release\FLHook.lib
  1 Datei(en) kopiert
  C:\FLSR-Hook\2.0\project\..\bin\Release\FLHook.dll
  1 Datei(en) kopiert
  C:\FLSR-Hook\2.0\project\..\bin\Release\FLHook.pdb
  1 Datei(en) kopiert
  C:\FLSR-Hook\2.0\project\..\bin\Release\FLHook.ini
  1 Datei(en) kopiert
  
  ERFOLGREICH: Angegebener Wert wurde gespeichert.
