c:\users\mara\source\repos\freelancer-sirius-revival\flsr-hook\2.0\int\flhook\release\vc142.pdb
c:\users\mara\source\repos\freelancer-sirius-revival\flsr-hook\2.0\int\flhook\release\hkpluginmanager1.obj
c:\users\mara\source\repos\freelancer-sirius-revival\flsr-hook\2.0\int\flhook\release\hkerror.obj
c:\users\mara\source\repos\freelancer-sirius-revival\flsr-hook\2.0\int\flhook\release\blowfish.obj
c:\users\mara\source\repos\freelancer-sirius-revival\flsr-hook\2.0\int\flhook\release\hkcbiserverimpl.obj
c:\users\mara\source\repos\freelancer-sirius-revival\flsr-hook\2.0\int\flhook\release\hkfunclog.obj
c:\users\mara\source\repos\freelancer-sirius-revival\flsr-hook\2.0\int\flhook\release\hkfunctools.obj
c:\users\mara\source\repos\freelancer-sirius-revival\flsr-hook\2.0\int\flhook\release\settings.obj
c:\users\mara\source\repos\freelancer-sirius-revival\flsr-hook\2.0\int\flhook\release\hkcbdeath.obj
c:\users\mara\source\repos\freelancer-sirius-revival\flsr-hook\2.0\int\flhook\release\hkhelp.obj
c:\users\mara\source\repos\freelancer-sirius-revival\flsr-hook\2.0\int\flhook\release\cingame.obj
c:\users\mara\source\repos\freelancer-sirius-revival\flsr-hook\2.0\int\flhook\release\hkusercmd.obj
c:\users\mara\source\repos\freelancer-sirius-revival\flsr-hook\2.0\int\flhook\release\hkflini.obj
c:\users\mara\source\repos\freelancer-sirius-revival\flsr-hook\2.0\int\flhook\release\hkdatabasemarket.obj
c:\users\mara\source\repos\freelancer-sirius-revival\flsr-hook\2.0\int\flhook\release\hkcbdamage.obj
c:\users\mara\source\repos\freelancer-sirius-revival\flsr-hook\2.0\int\flhook\release\wildcards.obj
c:\users\mara\source\repos\freelancer-sirius-revival\flsr-hook\2.0\int\flhook\release\flhook.obj
c:\users\mara\source\repos\freelancer-sirius-revival\flsr-hook\2.0\int\flhook\release\hkinit.obj
c:\users\mara\source\repos\freelancer-sirius-revival\flsr-hook\2.0\int\flhook\release\hkcbchat.obj
c:\users\mara\source\repos\freelancer-sirius-revival\flsr-hook\2.0\int\flhook\release\hkfuncother.obj
c:\users\mara\source\repos\freelancer-sirius-revival\flsr-hook\2.0\int\flhook\release\zoneutilities.obj
c:\users\mara\source\repos\freelancer-sirius-revival\flsr-hook\2.0\int\flhook\release\hkfuncplayers.obj
c:\users\mara\source\repos\freelancer-sirius-revival\flsr-hook\2.0\int\flhook\release\exceptions.obj
c:\users\mara\source\repos\freelancer-sirius-revival\flsr-hook\2.0\int\flhook\release\csocket.obj
c:\users\mara\source\repos\freelancer-sirius-revival\flsr-hook\2.0\int\flhook\release\hkcbiclientimpl.obj
c:\users\mara\source\repos\freelancer-sirius-revival\flsr-hook\2.0\int\flhook\release\hkcbdisconnect.obj
c:\users\mara\source\repos\freelancer-sirius-revival\flsr-hook\2.0\int\flhook\release\ccmds.obj
c:\users\mara\source\repos\freelancer-sirius-revival\flsr-hook\2.0\int\flhook\release\hktimers.obj
c:\users\mara\source\repos\freelancer-sirius-revival\flsr-hook\2.0\int\flhook\release\hkfuncmsg.obj
c:\users\mara\source\repos\freelancer-sirius-revival\flsr-hook\2.0\int\flhook\release\flcodec.obj
c:\users\mara\source\repos\freelancer-sirius-revival\flsr-hook\2.0\int\flhook\release\cconsole.obj
c:\users\mara\source\repos\freelancer-sirius-revival\flsr-hook\2.0\int\flhook\release\hkcbiengine.obj
c:\users\mara\source\repos\freelancer-sirius-revival\flsr-hook\2.0\int\flhook\release\tools.obj
c:\users\mara\source\repos\freelancer-sirius-revival\flsr-hook\2.0\bin\release\flhook.ini
c:\users\mara\source\repos\freelancer-sirius-revival\flsr-hook\2.0\flhooksdk\lib\flhook.lib
c:\users\mara\source\repos\freelancer-sirius-revival\flsr-hook\2.0\dist\release\
c:\users\mara\source\repos\freelancer-sirius-revival\flsr-hook\2.0\bin\release\flhook.lib
c:\users\mara\source\repos\freelancer-sirius-revival\flsr-hook\2.0\bin\release\flhook.exp
c:\users\mara\source\repos\freelancer-sirius-revival\flsr-hook\2.0\bin\release\flhook.dll
c:\users\mara\source\repos\freelancer-sirius-revival\flsr-hook\2.0\bin\release\flhook.pdb
c:\users\mara\source\repos\freelancer-sirius-revival\flsr-hook\2.0\project\..\bin\release\flhook.pdb
c:\users\mara\source\repos\freelancer-sirius-revival\flsr-hook\2.0\int\flhook\release\flhook.tlog\cl.command.1.tlog
c:\users\mara\source\repos\freelancer-sirius-revival\flsr-hook\2.0\int\flhook\release\flhook.tlog\cl.read.1.tlog
c:\users\mara\source\repos\freelancer-sirius-revival\flsr-hook\2.0\int\flhook\release\flhook.tlog\cl.write.1.tlog
c:\users\mara\source\repos\freelancer-sirius-revival\flsr-hook\2.0\int\flhook\release\flhook.tlog\copyfile.command.1.tlog
c:\users\mara\source\repos\freelancer-sirius-revival\flsr-hook\2.0\int\flhook\release\flhook.tlog\copyfile.read.1.tlog
c:\users\mara\source\repos\freelancer-sirius-revival\flsr-hook\2.0\int\flhook\release\flhook.tlog\copyfile.write.1.tlog
c:\users\mara\source\repos\freelancer-sirius-revival\flsr-hook\2.0\int\flhook\release\flhook.tlog\custombuildstep.read.1u.tlog
c:\users\mara\source\repos\freelancer-sirius-revival\flsr-hook\2.0\int\flhook\release\flhook.tlog\custombuildstep.write.1u.tlog
c:\users\mara\source\repos\freelancer-sirius-revival\flsr-hook\2.0\int\flhook\release\flhook.tlog\flhook.write.1u.tlog
c:\users\mara\source\repos\freelancer-sirius-revival\flsr-hook\2.0\int\flhook\release\flhook.tlog\link.command.1.tlog
c:\users\mara\source\repos\freelancer-sirius-revival\flsr-hook\2.0\int\flhook\release\flhook.tlog\link.read.1.tlog
c:\users\mara\source\repos\freelancer-sirius-revival\flsr-hook\2.0\int\flhook\release\flhook.tlog\link.write.1.tlog
